<?xml version="1.0" encoding="UTF-8"?>
<!-- Generated by org.testng.reporters.JUnitXMLReporter -->
<testsuite ignored="0" hostname="Karthikeyan" failures="1" tests="1" name="Default test(failed)" time="0.052" errors="0" timestamp="2023-08-05T07:57:29 IST">
  <testcase classname="org.testng.CrossBrowserTask" name="browser" time="0.0">
    <failure type="org.testng.TestNGException" message="
Parameter &amp;apos;browser&amp;apos; is required by @Test on method browser but has not been marked @Optional or defined
in C:\Users\Karthikeyan M\eclipse-workspace\TestNG1\test-output\testng-failed.xml">
      <![CDATA[org.testng.TestNGException: 
Parameter 'browser' is required by @Test on method browser but has not been marked @Optional or defined
in C:\Users\Karthikeyan M\eclipse-workspace\TestNG1\test-output\testng-failed.xml
at java.base/java.util.ArrayList.forEach(ArrayList.java:1511)
... Removed 26 stack frames]]>
    </failure>
  </testcase> <!-- browser -->
</testsuite> <!-- Default test(failed) -->
